<?xml version="1.0" encoding="UTF-8"?>
<!-- Generated by org.testng.reporters.JUnitXMLReporter -->
<testsuite ignored="3" hostname="DESKTOP-6L02Q21" failures="0" tests="1" name="ChromeTest" time="9.234" errors="0" timestamp="2025-07-02T22:56:37 IST">
  <testcase classname="testscript.LoginTest" name="verifyTheUserIsAbleToLoginUsingValidUsername_InvalidPassword" time="2.647"/>
  <testcase classname="testscript.LoginTest" name="verifyTheUserIsAbleToLoginUsingInvalidUsername_InvalidPassword" time="0.0">
    <ignored/>
  </testcase> <!-- verifyTheUserIsAbleToLoginUsingInvalidUsername_InvalidPassword -->
  <testcase classname="testscript.LoginTest" name="verifyTheUserIsAbleToLoginUsingInalidUsername_validPassword" time="0.0">
    <ignored/>
  </testcase> <!-- verifyTheUserIsAbleToLoginUsingInalidUsername_validPassword -->
  <testcase classname="testscript.LoginTest" name="verifyTheUserIsAbleToLoginUsingValidCredentials" time="0.0">
    <ignored/>
  </testcase> <!-- verifyTheUserIsAbleToLoginUsingValidCredentials -->
</testsuite> <!-- ChromeTest -->
