<?xml version="1.0" encoding="UTF-8"?>
<!-- Generated by org.testng.reporters.JUnitXMLReporter -->
<testsuite ignored="0" hostname="DESKTOP-6L02Q21" failures="0" tests="2" name="ChromeTest" time="24.366" errors="0" timestamp="2025-07-02T22:54:51 IST">
  <testcase classname="testscript.AdminUsersTest" name="verifyTheUserIsAbleToCreateTheAdminUsers" time="8.892"/>
  <testcase classname="testscript.AdminUsersTest" name="verifyTheUserIsAbleToUpdateTheAdminUsers" time="3.5"/>
</testsuite> <!-- ChromeTest -->
