<?xml version="1.0" encoding="UTF-8"?>
<testsuite xmlns:xsi="http://www.w3.org/2001/XMLSchema-instance" xsi:noNamespaceSchemaLocation="https://maven.apache.org/surefire/maven-surefire-plugin/xsd/surefire-test-report-3.0.xsd" version="3.0" name="TestSuite" time="153.609" tests="14" errors="0" skipped="1" failures="0">
  <properties>
[...]
</properties>
  <testcase name="verifyTheUserIsAbleToAddCategoryInformations" classname="testscript.ManageCategoryTest" time="8.691">
    <system-err><![CDATA[SLF4J: Failed to load class "org.slf4j.impl.StaticLoggerBinder".
SLF4J: Defaulting to no-operation (NOP) logger implementation
SLF4J: See http://www.slf4j.org/codes.html#StaticLoggerBinder for further details.
Jul 03, 2025 11:21:28 AM org.openqa.selenium.devtools.CdpVersionFinder findNearestMatch
WARNING: Unable to find an exact match for CDP version 137, returning the closest version; found: 133; Please update to a Selenium version that supports CDP version 137
ERROR StatusLogger Log4j2 could not find a logging implementation. Please add log4j-core to the classpath. Using SimpleLogger to log to the console...
]]></system-err>
  </testcase>
  <testcase name="verifyTheUserIsAbleToCreateTheAdminUsers" classname="testscript.AdminUsersTest" time="0">
    <skipped message="no such element: Unable to locate element: {&quot;method&quot;:&quot;xpath&quot;,&quot;selector&quot;:&quot;//div[@class=&apos;alert alert-success alert-dismissible&apos;]&quot;}&#10;  (Session info: chrome=137.0.7151.122)&#10;For documentation on this error, please visit: https://www.selenium.dev/documentation/webdriver/troubleshooting/errors#no-such-element-exception&#10;Build info: version: &apos;4.29.0&apos;, revision: &apos;5fc1ec94cb&apos;&#10;System info: os.name: &apos;Windows 10&apos;, os.arch: &apos;amd64&apos;, os.version: &apos;10.0&apos;, java.version: &apos;17.0.12&apos;&#10;Driver info: org.openqa.selenium.chrome.ChromeDriver&#10;Command: [15825bf93bda8c0778e7f22e850d525e, findElement {value=//div[@class=&apos;alert alert-success alert-dismissible&apos;], using=xpath}]&#10;Capabilities {acceptInsecureCerts: false, browserName: chrome, browserVersion: 137.0.7151.122, chrome: {chromedriverVersion: 137.0.7151.119 (e0ac9d12dff..., userDataDir: C:\Users\DELL~1\AppData\Loc...}, fedcm:accounts: true, goog:chromeOptions: {debuggerAddress: localhost:56323}, networkConnectionEnabled: false, pageLoadStrategy: normal, platformName: windows, proxy: Proxy(), se:cdp: ws://localhost:56323/devtoo..., se:cdpVersion: 137.0.7151.122, setWindowRect: true, strictFileInteractability: false, timeouts: {implicit: 0, pageLoad: 300000, script: 30000}, unhandledPromptBehavior: dismiss and notify, webauthn:extension:credBlob: true, webauthn:extension:largeBlob: true, webauthn:extension:minPinLength: true, webauthn:extension:prf: true, webauthn:virtualAuthenticators: true}&#10;Session ID: 15825bf93bda8c0778e7f22e850d525e"/>
    <system-err><![CDATA[Jul 03, 2025 11:21:43 AM org.openqa.selenium.devtools.CdpVersionFinder findNearestMatch
WARNING: Unable to find an exact match for CDP version 137, returning the closest version; found: 133; Please update to a Selenium version that supports CDP version 137
]]></system-err>
  </testcase>
  <testcase name="verifyTheUserIsAbleToCreateTheAdminUsers" classname="testscript.AdminUsersTest" time="3.723">
    <system-err><![CDATA[Jul 03, 2025 11:22:02 AM org.openqa.selenium.devtools.CdpVersionFinder findNearestMatch
WARNING: Unable to find an exact match for CDP version 137, returning the closest version; found: 133; Please update to a Selenium version that supports CDP version 137
]]></system-err>
  </testcase>
  <testcase name="verifyTheUserIsAbleToUpdateTheAdminUsers" classname="testscript.AdminUsersTest" time="3.826">
    <system-err><![CDATA[Jul 03, 2025 11:22:10 AM org.openqa.selenium.devtools.CdpVersionFinder findNearestMatch
WARNING: Unable to find an exact match for CDP version 137, returning the closest version; found: 133; Please update to a Selenium version that supports CDP version 137
]]></system-err>
  </testcase>
  <testcase name="verifyTheUserIsAbleToDisplayContactUsInformations" classname="testscript.ManageContactTest" time="4.333">
    <system-err><![CDATA[Jul 03, 2025 11:22:26 AM org.openqa.selenium.devtools.CdpVersionFinder findNearestMatch
WARNING: Unable to find an exact match for CDP version 137, returning the closest version; found: 133; Please update to a Selenium version that supports CDP version 137
]]></system-err>
  </testcase>
  <testcase name="verifyTheUserIsAbleToUpdateContactUsInformations" classname="testscript.ManageContactTest" time="5.601">
    <system-err><![CDATA[Jul 03, 2025 11:22:36 AM org.openqa.selenium.devtools.CdpVersionFinder findNearestMatch
WARNING: Unable to find an exact match for CDP version 137, returning the closest version; found: 133; Please update to a Selenium version that supports CDP version 137
]]></system-err>
  </testcase>
  <testcase name="verifyTheUserIsAbleToEnterTheNews" classname="testscript.ManageNewsTest" time="4.283">
    <system-err><![CDATA[Jul 03, 2025 11:22:48 AM org.openqa.selenium.devtools.CdpVersionFinder findNearestMatch
WARNING: Unable to find an exact match for CDP version 137, returning the closest version; found: 133; Please update to a Selenium version that supports CDP version 137
]]></system-err>
  </testcase>
  <testcase name="verifyTheUserIsAbleToUpdateTheNews" classname="testscript.ManageNewsTest" time="4.751">
    <system-err><![CDATA[Jul 03, 2025 11:22:59 AM org.openqa.selenium.devtools.CdpVersionFinder findNearestMatch
WARNING: Unable to find an exact match for CDP version 137, returning the closest version; found: 133; Please update to a Selenium version that supports CDP version 137
]]></system-err>
  </testcase>
  <testcase name="verifyTheUserIsAbleToUpdateManageFooterTextInformation" classname="testscript.ManageFooterTest" time="3.97">
    <system-err><![CDATA[Jul 03, 2025 11:23:08 AM org.openqa.selenium.devtools.CdpVersionFinder findNearestMatch
WARNING: Unable to find an exact match for CDP version 137, returning the closest version; found: 133; Please update to a Selenium version that supports CDP version 137
]]></system-err>
  </testcase>
  <testcase name="verifyTheUserIsAbleToLoginUsingInalidUsername_validPassword" classname="testscript.LoginTest" time="0.89">
    <system-err><![CDATA[Jul 03, 2025 11:23:16 AM org.openqa.selenium.devtools.CdpVersionFinder findNearestMatch
WARNING: Unable to find an exact match for CDP version 137, returning the closest version; found: 133; Please update to a Selenium version that supports CDP version 137
]]></system-err>
  </testcase>
  <testcase name="verifyTheUserIsAbleToLoginUsingInvalidUsername_InvalidPassword" classname="testscript.LoginTest" time="0.882">
    <system-err><![CDATA[Jul 03, 2025 11:23:21 AM org.openqa.selenium.devtools.CdpVersionFinder findNearestMatch
WARNING: Unable to find an exact match for CDP version 137, returning the closest version; found: 133; Please update to a Selenium version that supports CDP version 137
]]></system-err>
  </testcase>
  <testcase name="verifyTheUserIsAbleToLoginUsingValidCredentials" classname="testscript.LoginTest" time="1.496">
    <system-err><![CDATA[Jul 03, 2025 11:23:26 AM org.openqa.selenium.devtools.CdpVersionFinder findNearestMatch
WARNING: Unable to find an exact match for CDP version 137, returning the closest version; found: 133; Please update to a Selenium version that supports CDP version 137
]]></system-err>
  </testcase>
  <testcase name="verifyTheUserIsAbleToLoginUsingValidUsername_InvalidPassword" classname="testscript.LoginTest" time="0.995">
    <system-err><![CDATA[Jul 03, 2025 11:23:32 AM org.openqa.selenium.devtools.CdpVersionFinder findNearestMatch
WARNING: Unable to find an exact match for CDP version 137, returning the closest version; found: 133; Please update to a Selenium version that supports CDP version 137
]]></system-err>
  </testcase>
  <testcase name="isUserIsAbleToLogOut" classname="testscript.LogoutTest" time="2.428">
    <system-err><![CDATA[Jul 03, 2025 11:23:39 AM org.openqa.selenium.devtools.CdpVersionFinder findNearestMatch
WARNING: Unable to find an exact match for CDP version 137, returning the closest version; found: 133; Please update to a Selenium version that supports CDP version 137
]]></system-err>
  </testcase>
</testsuite>