<?xml version="1.0" encoding="UTF-8"?>
<!-- Generated by org.testng.reporters.JUnitXMLReporter -->
<testsuite ignored="0" hostname="DESKTOP-6L02Q21" failures="0" tests="5" name="Test" time="29.178" errors="0" timestamp="2025-07-02T23:05:18 IST">
  <testcase classname="testscript.LogoutTest" name="isUserIsAbleToLogOut" time="0.25">
    <skipped/>
  </testcase> <!-- isUserIsAbleToLogOut -->
  <testcase classname="testscript.ManageNewsTest" name="verifyTheUserIsAbleToEnterTheNews" time="0.408">
    <skipped/>
  </testcase> <!-- verifyTheUserIsAbleToEnterTheNews -->
  <testcase classname="testscript.LogoutTest" name="isUserIsAbleToLogOut" time="4.7"/>
  <testcase classname="testscript.ManageNewsTest" name="verifyTheUserIsAbleToEnterTheNews" time="5.586"/>
  <testcase classname="testscript.ManageNewsTest" name="verifyTheUserIsAbleToUpdateTheNews" time="2.856"/>
</testsuite> <!-- Test -->
